
2024-09-29 17:05:10,756 - ERROR - manageStudentFunction - insert_student | data insert fail __init__() takes 1 positional argument but 2 were given
2024-09-29 17:07:21,514 - ERROR - manageStudentFunction - insert_student | data insert fail (pymysql.err.IntegrityError) (1452, 'Cannot add or update a child row: a foreign key constraint fails (`kandy_LMS`.`student`, CONSTRAINT `student_ibfk_2` FOREIGN KEY (`branch_id`) REFERENCES `branch` (`branch_id`))')
[SQL: INSERT INTO student (student_id, firstname, lastname, email, address, gender, admission_free_is_paid, mother_tung, `NIC`, school, mobile, education_level_id, branch_id, created, active) VALUES (%(student_id)s, %(firstname)s, %(lastname)s, %(email)s, %(address)s, %(gender)s, %(admission_free_is_paid)s, %(mother_tung)s, %(NIC)s, %(school)s, %(mobile)s, %(education_level_id)s, %(branch_id)s, %(created)s, %(active)s)]
[parameters: {'student_id': 'Y0mFYBmJs-i_VA0', 'firstname': 'thushan', 'lastname': 'madhu', 'email': 'thushanmadhusanka3@gmail.com', 'address': '{"line1": "udugampola", "line2": "udugampola", "city": "gampaha"}', 'gender': 1, 'admission_free_is_paid': 1, 'mother_tung': 'sinhala', 'NIC': '200126302287', 'school': 'senarath paranavithana collage', 'mobile': 784514776, 'education_level_id': '3ecdf2d7-5ae9-4e36-b53b-b0276f0e69d6', 'branch_id': 'wd1ef6r3', 'created': datetime.datetime(2024, 9, 29, 17, 7, 21, 477979, tzinfo=<DstTzInfo 'Asia/Colombo' +0530+5:30:00 STD>), 'active': 1}]
(Background on this error at: https://sqlalche.me/e/20/gkpj)
2024-09-29 17:25:26,236 - ERROR - manageStudentFunction - insert_student_siblings | data insert fail Databases.models.StudentSiblings() argument after ** must be a mapping, not StudentSiblings
2024-09-29 17:28:07,376 - ERROR - manageStudentFunction - insert_student | data insert fail (pymysql.err.IntegrityError) (1062, "Duplicate entry '784514776' for key 'ix_student_mobile'")
[SQL: INSERT INTO student (student_id, firstname, lastname, email, address, gender, admission_free_is_paid, mother_tung, `NIC`, school, mobile, education_level_id, branch_id, created, active) VALUES (%(student_id)s, %(firstname)s, %(lastname)s, %(email)s, %(address)s, %(gender)s, %(admission_free_is_paid)s, %(mother_tung)s, %(NIC)s, %(school)s, %(mobile)s, %(education_level_id)s, %(branch_id)s, %(created)s, %(active)s)]
[parameters: {'student_id': 'Fc_bVwuacopvvVq', 'firstname': 'thushan', 'lastname': 'madhu', 'email': 'thushanmadhusanka3@gmail.com', 'address': '{"line1": "udugampola", "line2": "udugampola", "city": "gampaha"}', 'gender': 1, 'admission_free_is_paid': 1, 'mother_tung': 'sinhala', 'NIC': '200126302287', 'school': 'senarath paranavithana collage', 'mobile': 784514776, 'education_level_id': 'a1ecef01-d9ed-4632-8046-83e74c69b93d', 'branch_id': 'wd1ef6r3', 'created': datetime.datetime(2024, 9, 29, 17, 28, 7, 351496, tzinfo=<DstTzInfo 'Asia/Colombo' +0530+5:30:00 STD>), 'active': 1}]
(Background on this error at: https://sqlalche.me/e/20/gkpj)
2024-09-29 17:28:07,392 - ERROR - manageStudentFunction - insert_student_parents | data insert fail (pymysql.err.IntegrityError) (1062, "Duplicate entry '1234567890' for key 'father_mobile'")
[SQL: INSERT INTO student_parents (student_id, father_name, father_mobile, father_email, father_occupation, father_address, mother_name, mother_mobile, mother_email, mother_occupation, mother_address, info_send) VALUES (%(student_id)s, %(father_name)s, %(father_mobile)s, %(father_email)s, %(father_occupation)s, %(father_address)s, %(mother_name)s, %(mother_mobile)s, %(mother_email)s, %(mother_occupation)s, %(mother_address)s, %(info_send)s)]
[parameters: {'student_id': 'Fc_bVwuacopvvVq', 'father_name': 'john sr', 'father_mobile': 1234567890, 'father_email': 'johnsr@example.com', 'father_occupation': 'engineer', 'father_address': '{"street": "123 Main St", "city": "Springfield", "state": "IL"}', 'mother_name': 'jane doe', 'mother_mobile': 1234567891, 'mother_email': 'janedoe@example.com', 'mother_occupation': 'teacher', 'mother_address': '{"street": "123 Main St", "city": "Springfield", "state": "IL"}', 'info_send': 1}]
(Background on this error at: https://sqlalche.me/e/20/gkpj)
2024-09-29 17:28:07,424 - ERROR - manageStudentFunction - insert_student_siblings | data insert fail (pymysql.err.IntegrityError) (1452, 'Cannot add or update a child row: a foreign key constraint fails (`kandy_LMS`.`student_siblings`, CONSTRAINT `student_siblings_ibfk_1` FOREIGN KEY (`student_id`) REFERENCES `student` (`student_id`))')
[SQL: INSERT INTO student_siblings (student_id, name, `DOB`, gender, mobile) VALUES (%(student_id)s, %(name)s, %(DOB)s, %(gender)s, %(mobile)s)]
[parameters: {'student_id': 'Fc_bVwuacopvvVq', 'name': 'jane doe jr', 'DOB': datetime.date(2005, 5, 15), 'gender': 0, 'mobile': 1234567892}]
(Background on this error at: https://sqlalche.me/e/20/gkpj)
2024-09-29 17:33:09,255 - ERROR - manageStudentFunction - insert_student_profile_image | data insert error 'Logger' object is not callable
2024-09-29 17:36:42,193 - ERROR - manageStudentFunction - insert_student_profile_image | data insert error 'Logger' object is not callable
2024-09-29 18:52:05,207 - ERROR - manageStudentFunction - insert_student_all_data | error (pymysql.err.IntegrityError) (1452, 'Cannot add or update a child row: a foreign key constraint fails (`kandy_LMS`.`certificate_images_student`, CONSTRAINT `certificate_images_student_ibfk_1` FOREIGN KEY (`student_id`) REFERENCES `student` (`student_id`))')
[SQL: INSERT INTO certificate_images_student (student_id, certificate_image_url) VALUES (%(student_id__0)s, %(certificate_image_url__0)s), (%(student_id__1)s, %(certificate_image_url__1)s) RETURNING certificate_images_student.certificate_image_id, certificate_images_student.certificate_image_id AS certificate_image_id__1]
[parameters: {'student_id__0': 'qyazYCNUU4hJxs5', 'certificate_image_url__0': 'https://fastly.picsum.photos/id/235/200/200.jpg?hmac=YnNmt_uSm-7R-s3j5I_di0aCpJqnfzRzeAzZCV-SS4w', 'student_id__1': 'qyazYCNUU4hJxs5', 'certificate_image_url__1': 'http://image.oi/sdfasdfsdf.png'}]
(Background on this error at: https://sqlalche.me/e/20/gkpj)
2024-09-29 19:07:29,804 - ERROR - manageStudentFunction - insert_student_all_data | error (pymysql.err.IntegrityError) (1452, 'Cannot add or update a child row: a foreign key constraint fails (`kandy_LMS`.`certificate_images_student`, CONSTRAINT `certificate_images_student_ibfk_1` FOREIGN KEY (`student_id`) REFERENCES `student` (`student_id`))')
[SQL: INSERT INTO certificate_images_student (student_id, certificate_image_url) VALUES (%(student_id__0)s, %(certificate_image_url__0)s), (%(student_id__1)s, %(certificate_image_url__1)s) RETURNING certificate_images_student.certificate_image_id, certificate_images_student.certificate_image_id AS certificate_image_id__1]
[parameters: {'certificate_image_url__0': 'https://fastly.picsum.photos/id/235/200/200.jpg?hmac=YnNmt_uSm-7R-s3j5I_di0aCpJqnfzRzeAzZCV-SS4w', 'student_id__0': 'zP-NpEWIhy0nA7T', 'certificate_image_url__1': 'http://image.oi/sdfasdfsdf.png', 'student_id__1': 'zP-NpEWIhy0nA7T'}]
(Background on this error at: https://sqlalche.me/e/20/gkpj)
2024-09-29 19:10:47,963 - ERROR - manageStudentFunction - insert_student_all_data | error (pymysql.err.IntegrityError) (1452, 'Cannot add or update a child row: a foreign key constraint fails (`kandy_LMS`.`profile_images`, CONSTRAINT `profile_images_ibfk_1` FOREIGN KEY (`student_id`) REFERENCES `student` (`student_id`))')
[SQL: INSERT INTO profile_images (student_id, profile_image_url) VALUES (%(student_id)s, %(profile_image_url)s)]
[parameters: {'student_id': '9SLy4vR1lenAmNF', 'profile_image_url': 'https://fastly.picsum.photos/id/235/200/200.jpg?hmac=YnNmt_uSm-7R-s3j5I_di0aCpJqnfzRzeAzZCV-SS4w'}]
(Background on this error at: https://sqlalche.me/e/20/gkpj)
2024-09-29 19:30:21,146 - ERROR - manageStudent - addStudent | server error: object NoneType can't be used in 'await' expression
2024-09-29 19:33:44,535 - ERROR - manageStudent - addStudent | server error: object NoneType can't be used in 'await' expression
2024-09-29 21:27:41,911 - ERROR - manageStudentFunction - delete_student_cascade | error (pymysql.err.IntegrityError) (1451, 'Cannot delete or update a parent row: a foreign key constraint fails (`kandy_LMS`.`certificate_images_student`, CONSTRAINT `certificate_images_student_ibfk_1` FOREIGN KEY (`student_id`) REFERENCES `student` (`student_id`))')
[SQL: DELETE FROM student WHERE student.student_id IN (%(student_id_1_1)s)]
[parameters: {'student_id_1_1': 'r6OWh9V4Ye18xLB'}]
(Background on this error at: https://sqlalche.me/e/20/gkpj)
