2024-09-27 16:21:07,490 - INFO - Database tables create successfully
2024-09-27 16:29:25,622 - INFO - Database tables create successfully
2024-09-27 16:29:56,506 - WARNING - admin - fail to insert admin data
2024-09-27 16:31:48,958 - INFO - Database tables create successfully
2024-09-27 16:31:52,459 - WARNING - admin - fail to insert admin data
2024-09-27 16:35:32,583 - INFO - Database tables create successfully
2024-09-27 16:35:48,391 - WARNING - admin - fail to insert admin data
2024-09-27 16:37:42,958 - INFO - Database tables create successfully
2024-09-27 16:38:00,854 - INFO - Database tables create successfully
2024-09-27 16:38:06,213 - INFO - Database tables create successfully
2024-09-27 16:38:08,869 - INFO - adminFunction - insert a new admin data
2024-09-27 16:38:08,869 - INFO - admin - insert admin data successfully
2024-09-27 19:55:06,129 - INFO - Database tables create successfully
2024-09-27 20:00:33,950 - INFO - Database tables create successfully
2024-09-27 20:00:38,901 - INFO - adminFunction admin_verify_get_data | verify the password
2024-09-27 20:02:27,449 - INFO - Database tables create successfully
2024-09-27 20:02:29,665 - INFO - adminFunction admin_verify_get_data | verify the password
2024-09-27 20:04:00,827 - INFO - Database tables create successfully
2024-09-27 20:04:03,546 - INFO - adminFunction admin_verify_get_data | verify the password
2024-09-27 20:04:03,547 - INFO - adminFunction get_admin_data | return the payload
2024-09-27 20:04:03,547 - INFO - adminLogin - return the access token thush
2024-09-27 20:04:49,029 - INFO - Database tables create successfully
2024-09-27 20:04:51,245 - INFO - adminFunction admin_verify_get_data | verify the password
2024-09-27 20:04:51,246 - INFO - adminFunction get_admin_data | return the payload
2024-09-27 20:04:51,246 - INFO - adminLogin - return the access token thush
2024-09-27 20:05:42,015 - INFO - Database tables create successfully
2024-09-29 09:51:56,882 - INFO - Database tables create successfully
2024-09-29 09:52:51,324 - INFO - adminFunction admin_verify_get_data | verify the password
2024-09-29 09:52:51,325 - INFO - adminFunction get_admin_data | return the payload
2024-09-29 09:52:51,325 - INFO - adminLogin - return the access token thush
2024-09-29 09:56:39,978 - INFO - Database tables create successfully
2024-09-29 10:08:19,303 - INFO - Database tables create successfully
2024-09-29 10:09:45,061 - INFO - Database tables create successfully
2024-09-29 10:15:26,326 - INFO - Database tables create successfully
2024-09-29 10:16:12,571 - INFO - Database tables create successfully
2024-09-29 10:18:36,012 - INFO - Database tables create successfully
2024-09-29 10:22:10,934 - INFO - Database tables create successfully
2024-09-29 10:30:11,019 - INFO - Database tables create successfully
2024-09-29 10:33:06,362 - INFO - Database tables create successfully
2024-09-29 10:34:13,205 - INFO - Database tables create successfully
2024-09-29 11:03:35,481 - INFO - Database tables create successfully
2024-09-29 11:04:50,887 - INFO - Database tables create successfully
2024-09-29 11:07:24,984 - INFO - Database tables create successfully
2024-09-29 11:07:36,772 - INFO - Database tables create successfully
2024-09-29 11:08:47,858 - INFO - Database tables create successfully
2024-09-29 11:09:29,811 - INFO - Database tables create successfully
2024-09-29 11:12:03,643 - INFO - Database tables create successfully
2024-09-29 11:17:31,790 - INFO - Database tables create successfully
2024-09-29 11:19:16,739 - INFO - Database tables create successfully
2024-09-29 11:29:12,322 - INFO - Database tables create successfully
2024-09-29 11:35:28,322 - INFO - Database tables create successfully
2024-09-29 11:36:08,864 - INFO - Database tables create successfully
2024-09-29 11:37:01,147 - INFO - Database tables create successfully
2024-09-29 11:37:18,807 - INFO - Database tables create successfully
2024-09-29 11:42:34,099 - INFO - Database tables create successfully
2024-09-29 11:51:26,089 - INFO - Database tables create successfully
2024-09-29 11:55:10,233 - INFO - Database tables create successfully
2024-09-29 11:59:47,244 - INFO - Database tables create successfully
2024-09-29 14:09:46,104 - INFO - Database tables create successfully
2024-09-29 14:09:51,623 - INFO - Database tables create successfully
2024-09-29 14:10:51,370 - INFO - manageStudentFunction - insert_get_educational_level | data retrieve successfully
2024-09-29 14:10:51,370 - INFO - manageStudent - get_education_level | send payload to user
2024-09-29 14:11:27,326 - INFO - Database tables create successfully
2024-09-29 14:11:31,424 - INFO - manageStudentFunction - insert_get_educational_level | data retrieve successfully
2024-09-29 14:11:31,425 - INFO - manageStudent - get_education_level | send payload to user
2024-09-29 14:14:49,097 - INFO - Database tables create successfully
2024-09-29 14:14:51,286 - INFO - manageStudentFunction - insert_get_educational_level | data retrieve successfully
2024-09-29 14:14:51,287 - INFO - manageStudent - get_education_level | send payload to user
2024-09-29 15:03:42,443 - INFO - Database tables create successfully
2024-09-29 15:06:07,099 - INFO - Database tables create successfully
2024-09-29 15:07:26,122 - INFO - Database tables create successfully
2024-09-29 15:34:36,329 - INFO - Database tables create successfully
2024-09-29 15:37:27,961 - INFO - Database tables create successfully
2024-09-29 15:45:35,096 - INFO - Database tables create successfully
2024-09-29 15:46:04,171 - INFO - Database tables create successfully
2024-09-29 15:51:13,892 - INFO - Database tables create successfully
2024-09-29 15:52:21,419 - INFO - Database tables create successfully
2024-09-29 15:53:13,950 - INFO - Database tables create successfully
2024-09-29 16:40:07,268 - INFO - Database tables create successfully
2024-09-29 16:47:55,193 - INFO - Database tables create successfully
2024-09-29 17:05:05,147 - INFO - Database tables create successfully
2024-09-29 17:05:10,754 - INFO - manageStudentFunction - insert_education_level | data insert successfully
2024-09-29 17:07:18,851 - INFO - Database tables create successfully
2024-09-29 17:18:30,025 - INFO - Database tables create successfully
2024-09-29 17:19:32,231 - INFO - Database tables create successfully
2024-09-29 17:19:55,757 - INFO - manageStudentFunction - insert_education_level | data insert successfully
2024-09-29 17:19:55,800 - INFO - manageStudentFunction - insert_student | data insert successfully
2024-09-29 17:21:59,607 - INFO - Database tables create successfully
2024-09-29 17:22:02,875 - INFO - manageStudentFunction - insert_student | data insert successfully
2024-09-29 17:22:02,891 - INFO - manageStudentFunction - insert_student_parents | data insert successfully
2024-09-29 17:22:44,932 - INFO - Database tables create successfully
2024-09-29 17:25:26,227 - INFO - manageStudentFunction - insert_student | data insert successfully
2024-09-29 17:25:26,235 - INFO - manageStudentFunction - insert_student_parents | data insert successfully
2024-09-29 17:27:34,108 - INFO - Database tables create successfully
2024-09-29 17:28:04,199 - INFO - Database tables create successfully
2024-09-29 17:31:03,052 - INFO - Database tables create successfully
2024-09-29 17:31:12,074 - INFO - manageStudentFunction - insert_student | data insert successfully
2024-09-29 17:31:12,096 - INFO - manageStudentFunction - insert_student_parents | data insert successfully
2024-09-29 17:31:12,107 - INFO - manageStudentFunction - insert_student_siblings | data insert successfully
2024-09-29 17:32:23,594 - INFO - Database tables create successfully
2024-09-29 17:33:04,856 - INFO - Database tables create successfully
2024-09-29 17:33:09,164 - INFO - manageStudentFunction - insert_education_level | data insert successfully
2024-09-29 17:33:09,214 - INFO - manageStudentFunction - insert_student | data insert successfully
2024-09-29 17:33:09,233 - INFO - manageStudentFunction - insert_student_parents | data insert successfully
2024-09-29 17:33:09,246 - INFO - manageStudentFunction - insert_student_siblings | data insert successfully
2024-09-29 17:33:09,268 - INFO - manageStudentFunction - insert_student_certificate_images | data insert successfully
2024-09-29 17:35:17,062 - INFO - Database tables create successfully
2024-09-29 17:36:39,906 - INFO - Database tables create successfully
2024-09-29 17:36:42,090 - INFO - manageStudentFunction - insert_education_level | data insert successfully
2024-09-29 17:36:42,142 - INFO - manageStudentFunction - insert_student | data insert successfully
2024-09-29 17:36:42,166 - INFO - manageStudentFunction - insert_student_parents | data insert successfully
2024-09-29 17:36:42,178 - INFO - manageStudentFunction - insert_student_siblings | data insert successfully
2024-09-29 17:36:42,213 - INFO - manageStudentFunction - insert_student_certificate_images | data insert successfully
2024-09-29 17:37:55,721 - INFO - Database tables create successfully
2024-09-29 17:38:45,077 - INFO - Database tables create successfully
2024-09-29 17:38:50,353 - INFO - manageStudentFunction - insert_education_level | data insert successfully
2024-09-29 17:38:50,395 - INFO - manageStudentFunction - insert_student | data insert successfully
2024-09-29 17:38:50,406 - INFO - manageStudentFunction - insert_student_parents | data insert successfully
2024-09-29 17:38:50,413 - INFO - manageStudentFunction - insert_student_siblings | data insert successfully
2024-09-29 17:38:50,421 - INFO - manageStudentFunction - insert_student_profile_image
2024-09-29 17:38:50,433 - INFO - manageStudentFunction - insert_student_certificate_images | data insert successfully
2024-09-29 18:51:43,975 - INFO - Database tables create successfully
2024-09-29 19:06:15,141 - INFO - Database tables create successfully
2024-09-29 19:07:22,229 - INFO - Database tables create successfully
2024-09-29 19:10:45,144 - INFO - Database tables create successfully
2024-09-29 19:12:03,679 - INFO - Database tables create successfully
2024-09-29 19:12:06,738 - INFO - manageStudentFunction - insert_student_all_data | data insert successfully
2024-09-29 19:13:16,154 - INFO - Database tables create successfully
2024-09-29 19:17:00,663 - INFO - Database tables create successfully
2024-09-29 19:19:39,167 - INFO - Database tables create successfully
2024-09-29 19:21:59,385 - INFO - Database tables create successfully
2024-09-29 19:23:46,347 - INFO - Database tables create successfully
2024-09-29 19:25:45,177 - INFO - Database tables create successfully
2024-09-29 19:27:04,903 - INFO - Database tables create successfully
2024-09-29 19:28:06,911 - INFO - Database tables create successfully
2024-09-29 19:30:05,946 - INFO - Database tables create successfully
2024-09-29 19:33:42,445 - INFO - Database tables create successfully
2024-09-29 19:37:02,318 - INFO - Database tables create successfully
2024-09-29 19:37:06,225 - INFO - manageStudentFunction - insert_student_all_data | data insert successfully
2024-09-29 19:38:03,211 - INFO - Database tables create successfully
2024-09-29 19:41:21,217 - INFO - Database tables create successfully
2024-09-29 19:42:32,129 - INFO - Database tables create successfully
2024-09-29 19:42:36,237 - INFO - manageStudentFunction - insert_student_all_data | data insert successfully
2024-09-29 19:43:45,000 - INFO - manageStudentFunction - insert_get_educational_level | data retrieve successfully
2024-09-29 19:43:45,000 - INFO - manageStudent - get_education_level | send payload to user
2024-09-29 20:36:27,596 - INFO - Database tables create successfully
2024-09-29 20:47:26,871 - INFO - Database tables create successfully
2024-09-29 20:49:18,069 - INFO - manageStudentFunction - deactivate_students_field | successfully update active field
2024-09-29 20:59:56,955 - INFO - Database tables create successfully
2024-09-29 21:25:53,147 - INFO - Database tables create successfully
2024-09-29 21:33:48,205 - INFO - Database tables create successfully
2024-09-29 21:33:56,606 - INFO - manageStudentFunction - insert_education_level | data insert successfully
2024-09-29 21:33:56,662 - INFO - manageStudentFunction - insert_student_all_data | data insert successfully
2024-09-29 21:34:30,802 - INFO - manageStudentFunction - delete_students_cascade | successfully deleted
2024-09-30 08:37:18,237 - INFO - Database tables create successfully
2024-09-30 08:39:38,054 - INFO - manageStudentFunction - insert_student_all_data | data insert successfully
2024-09-30 08:40:11,332 - INFO - manageStudentFunction - insert_get_educational_level | data retrieve successfully
2024-09-30 08:40:11,332 - INFO - manageStudent - get_education_level | send payload to user
2024-09-30 08:40:22,912 - INFO - manageStudentFunction - deactivate_students_field | successfully update active field
2024-09-30 08:41:01,222 - INFO - manageStudentFunction - deactivate_students_field | successfully update active field
2024-09-30 08:41:57,751 - INFO - manageStudentFunction - delete_students_cascade | successfully deleted
2024-09-30 08:42:23,503 - INFO - manageStudentFunction - insert_student_all_data | data insert successfully
2024-09-30 13:07:25,923 - INFO - Database tables create successfully
2024-09-30 13:08:05,085 - INFO - Database tables create successfully
2024-09-30 13:09:25,638 - INFO - Database tables create successfully
2024-09-30 13:11:12,576 - INFO - Database tables create successfully
2024-09-30 13:12:29,499 - INFO - Database tables create successfully
2024-09-30 13:13:55,446 - INFO - Database tables create successfully
2024-09-30 13:15:12,698 - INFO - Database tables create successfully
2024-09-30 13:15:58,656 - INFO - Database tables create successfully
2024-09-30 13:16:40,249 - INFO - Database tables create successfully
2024-09-30 13:17:15,366 - INFO - Database tables create successfully
2024-09-30 13:19:07,535 - INFO - Database tables create successfully
2024-09-30 13:20:19,189 - INFO - Database tables create successfully
2024-09-30 13:21:53,895 - INFO - Database tables create successfully
2024-09-30 13:27:58,614 - INFO - Database tables create successfully
2024-09-30 13:31:01,112 - INFO - Database tables create successfully
2024-09-30 13:36:21,023 - INFO - Database tables create successfully
2024-09-30 13:41:41,966 - INFO - Database tables create successfully
2024-09-30 13:42:45,129 - INFO - Database tables create successfully
2024-09-30 13:42:47,828 - INFO - manageStudentFunction - insert_education_level | data insert successfully
2024-09-30 13:42:47,878 - INFO - manageStudentFunction - insert_student_all_data | data insert successfully
2024-09-30 13:48:30,706 - INFO - manageStudentFunction - insert_student_all_data | data insert successfully
2024-09-30 13:56:09,140 - INFO - Database tables create successfully
2024-10-03 15:42:49,116 - INFO - Database tables create successfully
2024-10-03 15:45:20,323 - INFO - manageStudentFunction - insert_get_educational_level | data retrieve successfully
2024-10-03 15:45:20,324 - INFO - manageStudent - get_education_level | send payload to user
2024-10-03 15:46:23,751 - INFO - Database tables create successfully
2024-10-03 15:51:05,287 - INFO - Database tables create successfully
2024-10-03 15:59:30,177 - INFO - Database tables create successfully
2024-10-03 15:59:38,716 - INFO - manageStudentFunction - insert_get_educational_level | data retrieve successfully
2024-10-03 15:59:38,716 - INFO - manageStudent - get_education_level | send payload to user
2024-10-03 20:57:36,952 - INFO - Database tables create successfully
2024-10-03 21:11:34,111 - INFO - Database tables create successfully
2024-10-03 21:13:06,641 - INFO - Database tables create successfully
2024-10-03 21:13:19,933 - INFO - manageStudentFunction - insert_student_all_data | data insert successfully
2024-10-03 21:16:14,286 - INFO - Database tables create successfully
2024-10-03 21:16:44,498 - INFO - Database tables create successfully
2024-10-03 21:16:52,446 - INFO - manageStudentFunction - insert_student_all_data | data insert successfully
2024-10-03 21:19:42,308 - INFO - manageStudentFunction - get_student_data | successfully retrieve student data
2024-10-03 21:21:28,781 - INFO - Database tables create successfully
2024-10-03 21:27:39,741 - INFO - Database tables create successfully
2024-10-03 21:35:12,926 - INFO - Database tables create successfully
2024-10-03 21:35:16,910 - INFO - manageStudentFunction - get_student_data | successfully retrieve student data
2024-10-03 21:44:05,890 - INFO - Database tables create successfully
2024-10-03 21:44:23,359 - INFO - manageStudentFunction - get_student_data | successfully retrieve student data
2024-10-03 21:46:33,487 - INFO - Database tables create successfully
2024-10-03 21:46:37,899 - INFO - manageStudentFunction - get_student_data | successfully retrieve student data
2024-10-03 21:47:26,727 - INFO - Database tables create successfully
2024-10-03 21:47:29,694 - INFO - manageStudentFunction - get_student_data | successfully retrieve student data
2024-10-03 21:48:06,383 - INFO - Database tables create successfully
2024-10-03 21:48:49,843 - INFO - Database tables create successfully
2024-10-03 21:51:35,207 - INFO - Database tables create successfully
2024-10-03 21:51:37,357 - INFO - manageStudentFunction - get_student_data | successfully retrieve student data
2024-10-03 21:52:15,297 - INFO - Database tables create successfully
2024-10-03 21:52:21,053 - INFO - manageStudentFunction - get_student_data | successfully retrieve student data
2024-10-03 21:53:28,721 - INFO - Database tables create successfully
2024-10-03 21:53:35,509 - INFO - manageStudentFunction - get_student_data | successfully retrieve student data
2024-10-03 21:55:47,972 - INFO - Database tables create successfully
2024-10-03 21:55:50,029 - INFO - manageStudentFunction - get_student_data | successfully retrieve student data
2024-10-03 21:57:38,950 - INFO - Database tables create successfully
2024-10-03 21:57:56,473 - INFO - Database tables create successfully
2024-10-03 21:57:59,365 - INFO - manageStudentFunction - get_student_data | successfully retrieve student data
2024-10-03 21:59:15,801 - INFO - Database tables create successfully
2024-10-03 21:59:18,295 - INFO - manageStudentFunction - get_student_data | successfully retrieve student data
2024-10-03 22:00:47,732 - INFO - Database tables create successfully
2024-10-03 22:00:50,618 - INFO - manageStudentFunction - get_student_data | successfully retrieve student data
2024-10-03 22:01:50,075 - INFO - Database tables create successfully
2024-10-03 22:01:52,908 - INFO - manageStudentFunction - get_student_data | successfully retrieve student data
2024-10-03 22:03:01,389 - INFO - Database tables create successfully
2024-10-03 22:05:00,391 - INFO - Database tables create successfully
2024-10-03 22:05:02,772 - INFO - manageStudentFunction - get_student_data | successfully retrieve student data
2024-10-04 08:26:09,439 - INFO - Database tables create successfully
2024-10-04 08:37:59,064 - INFO - Database tables create successfully
2024-10-04 08:45:23,869 - INFO - Database tables create successfully
2024-10-04 08:49:56,275 - INFO - Database tables create successfully
2024-10-04 08:51:40,961 - INFO - Database tables create successfully
2024-10-04 08:53:33,242 - INFO - Database tables create successfully
2024-10-04 17:30:41,251 - INFO - Database tables create successfully
2024-10-04 17:31:52,968 - INFO - Database tables create successfully
2024-10-04 17:35:51,555 - INFO - Database tables create successfully
2024-10-04 17:39:53,773 - INFO - Database tables create successfully
2024-10-04 17:40:09,101 - INFO - Database tables create successfully
2024-10-04 17:43:04,971 - INFO - Database tables create successfully
2024-10-04 17:43:21,241 - INFO - Database tables create successfully
2024-10-04 17:43:48,855 - INFO - Database tables create successfully
2024-10-04 17:44:21,351 - INFO - Database tables create successfully
2024-10-04 17:46:35,928 - INFO - Database tables create successfully
2024-10-04 17:48:28,515 - INFO - Database tables create successfully
2024-10-04 17:49:04,097 - INFO - Database tables create successfully
2024-10-04 17:49:35,955 - INFO - Database tables create successfully
2024-10-04 17:52:48,298 - INFO - Database tables create successfully
2024-10-04 17:55:48,035 - INFO - manageStudentFunction - get_student_data | successfully retrieve student data
2024-10-04 17:55:48,079 - INFO - managementStudent - getStudentDetailsStudent | send data student_id OG8ylGU_Bn_PSic
2024-10-04 20:00:22,936 - INFO - Database tables create successfully
2024-10-04 20:04:58,356 - INFO - Database tables create successfully
2024-10-04 20:13:18,080 - INFO - Database tables create successfully
2024-10-04 20:13:21,280 - INFO - Database tables create successfully
2024-10-04 20:21:53,080 - INFO - Database tables create successfully
2024-10-04 20:24:07,054 - INFO - Database tables create successfully
2024-10-04 20:26:13,391 - INFO - Database tables create successfully
2024-10-04 20:29:14,741 - INFO - Database tables create successfully
2024-10-04 20:31:50,784 - INFO - Database tables create successfully
2024-10-04 20:32:55,154 - INFO - Database tables create successfully
2024-10-04 20:35:20,025 - INFO - Database tables create successfully
2024-10-04 20:36:19,490 - INFO - Database tables create successfully
2024-10-04 20:38:25,596 - INFO - Database tables create successfully
2024-10-04 20:39:07,715 - INFO - Database tables create successfully
2024-10-04 20:39:16,699 - INFO - Database tables create successfully
2024-10-04 20:41:03,384 - INFO - Database tables create successfully
2024-10-04 20:43:23,327 - INFO - Database tables create successfully
2024-10-04 20:44:49,086 - INFO - Database tables create successfully
2024-10-04 20:45:20,282 - INFO - Database tables create successfully
2024-10-04 20:46:13,243 - INFO - Database tables create successfully
2024-10-04 20:48:17,012 - INFO - Database tables create successfully
2024-10-04 20:51:52,674 - INFO - Database tables create successfully
2024-10-04 20:52:03,137 - INFO - Database tables create successfully
2024-10-04 20:54:31,809 - INFO - Database tables create successfully
2024-10-04 20:55:16,460 - INFO - Database tables create successfully
2024-10-04 20:56:39,327 - INFO - Database tables create successfully
2024-10-04 20:58:28,063 - INFO - Database tables create successfully
2024-10-04 20:59:57,723 - INFO - Database tables create successfully
2024-10-04 21:00:17,054 - INFO - Database tables create successfully
2024-10-04 21:00:33,816 - INFO - Database tables create successfully
2024-10-04 21:02:08,690 - INFO - Database tables create successfully
2024-10-04 21:03:18,536 - INFO - Database tables create successfully
2024-10-04 21:03:36,447 - INFO - Database tables create successfully
2024-10-04 21:05:51,099 - INFO - Database tables create successfully
2024-10-04 21:06:10,869 - INFO - Database tables create successfully
2024-10-04 21:06:21,428 - INFO - Database tables create successfully
2024-10-04 21:07:24,111 - INFO - Database tables create successfully
2024-10-04 21:07:42,022 - INFO - Database tables create successfully
2024-10-04 21:09:24,290 - INFO - Database tables create successfully
2024-10-04 21:11:29,636 - INFO - Database tables create successfully
2024-10-04 21:11:52,785 - INFO - Database tables create successfully
2024-10-04 21:13:11,954 - INFO - Database tables create successfully
2024-10-04 21:13:16,903 - INFO - manageStudentFunction - insert_get_educational_level | data retrieve successfully
2024-10-04 21:13:16,904 - INFO - manageStudent - get_education_level | send payload to user
2024-10-04 21:14:45,734 - INFO - Database tables create successfully
2024-10-04 21:15:06,701 - INFO - Database tables create successfully
2024-10-05 09:34:55,743 - INFO - Database tables create successfully
2024-10-05 09:38:43,735 - INFO - Database tables create successfully
2024-10-05 09:44:31,394 - INFO - Database tables create successfully
2024-10-05 09:45:49,634 - INFO - Database tables create successfully
2024-10-05 09:50:48,370 - INFO - Database tables create successfully
2024-10-05 09:50:50,079 - INFO - manageBranchFunction - create_branch | create successfully ("{'branch_id': '12345678', 'branch_name': 'mainbranch', 'address': {'line 1': '123 Main St', 'line2': 'Springfield'}, 'email': 'mainbranch@example.com', 'location': 'gampha', 'mobile': 1234567890, 'open_time': datetime.time(9, 0), 'close_time': datetime.time(17, 0), 'description': 'Main branch of the company', 'branch_manager_id': 'mgr12345'}", "['Hall A', 'Hall B']", "['https://example.com/image1.jpg', 'https://example.com/image2.jpg']")
2024-10-05 09:52:00,080 - INFO - Database tables create successfully
2024-10-05 09:53:52,749 - INFO - Database tables create successfully
2024-10-05 09:55:21,065 - INFO - Database tables create successfully
2024-10-05 09:56:25,002 - INFO - Database tables create successfully
2024-10-05 09:56:30,181 - INFO - manageBranchFunction - create_branch | create successfully ("{'branch_id': 'bCDiiLEm', 'branch_name': 'mainbranch', 'address': {'line 1': '123 Main St', 'line2': 'Springfield'}, 'email': 'mainbranch@example.com', 'location': 'gampha', 'mobile': 1234567890, 'open_time': datetime.time(9, 0), 'close_time': datetime.time(17, 0), 'description': 'Main branch of the company', 'branch_manager_id': 'mgr12345'}", "['Hall A', 'Hall B']", "['https://example.com/image1.jpg', 'https://example.com/image2.jpg']")
2024-10-05 11:06:13,488 - INFO - Database tables create successfully
2024-10-05 11:09:20,479 - INFO - Database tables create successfully
2024-10-05 11:14:48,314 - INFO - Database tables create successfully
2024-10-05 11:15:25,794 - INFO - Database tables create successfully
2024-10-05 11:16:15,259 - INFO - Database tables create successfully
2024-10-05 11:16:17,902 - INFO - manageBranchFunction - delete_branch_cascade | delete branches ['bCDiiLEm']
2024-10-05 11:17:12,622 - INFO - manageBranchFunction - create_branch | create successfully ("{'branch_id': '6U6PmsUI', 'branch_name': 'mainbranch', 'address': {'line 1': '123 Main St', 'line2': 'Springfield'}, 'email': 'mainbranch@example.com', 'location': 'gampha', 'mobile': 1234567890, 'open_time': datetime.time(9, 0), 'close_time': datetime.time(17, 0), 'description': 'Main branch of the company', 'branch_manager_id': 'mgr12345'}", "['Hall A', 'Hall B']", "['https://example.com/image1.jpg', 'https://example.com/image2.jpg']")
2024-10-05 11:17:33,195 - INFO - manageBranchFunction - delete_branch_cascade | delete branches ['bCDiiLEm']
2024-10-05 11:17:50,577 - INFO - Database tables create successfully
2024-10-05 11:18:42,686 - INFO - Database tables create successfully
2024-10-05 12:54:46,628 - INFO - Database tables create successfully
2024-10-05 12:57:49,726 - INFO - Database tables create successfully
2024-10-05 12:59:15,587 - INFO - Database tables create successfully
2024-10-05 12:59:41,891 - INFO - Database tables create successfully
2024-10-05 13:00:20,144 - INFO - Database tables create successfully
2024-10-05 13:00:47,229 - INFO - Database tables create successfully
2024-10-05 13:01:03,433 - INFO - Database tables create successfully
2024-10-05 13:01:16,623 - INFO - managementBranchFunction - update_branch_active_field | update active field 6U6PmsUI
2024-10-05 13:01:33,535 - INFO - Database tables create successfully
2024-10-05 13:01:42,393 - INFO - managementBranchFunction - update_branch_active_field | update active field 6U6PmsUI
2024-10-05 13:02:26,889 - INFO - managementBranchFunction - update_branch_active_field | update active field 6U6PmsUI
2024-10-05 13:06:08,752 - INFO - Database tables create successfully
2024-10-05 13:10:17,597 - INFO - Database tables create successfully
2024-10-05 13:12:01,883 - INFO - adminFunction - insert a new admin data
2024-10-05 13:12:01,883 - INFO - admin - insert admin data successfully
2024-10-05 13:12:07,561 - INFO - adminFunction admin_verify_get_data | verify the password
2024-10-05 13:12:07,562 - INFO - adminFunction get_admin_data | return the payload
2024-10-05 13:12:07,562 - INFO - adminLogin - return the access token thush
2024-10-05 13:13:11,587 - INFO - Database tables create successfully
2024-10-05 18:02:56,392 - INFO - Database tables create successfully
2024-10-05 18:03:14,544 - INFO - Database tables create successfully
2024-10-05 18:13:18,583 - INFO - Database tables create successfully
2024-10-05 18:14:03,099 - INFO - Database tables create successfully
2024-10-05 19:08:13,347 - INFO - Database tables create successfully
2024-10-05 19:08:18,474 - INFO - manageManagerFunction - create_manager | create manager ('nimal', 'nimal@gmail.com')
2024-10-05 19:08:45,322 - INFO - manageManagerFunction - create_manager | create manager ('kamal', 'kamal@gmail.com')
2024-10-05 20:51:28,664 - INFO - Database tables create successfully
2024-10-05 20:52:41,356 - INFO - manageManagerFunction - retrieve_managers_details | retrieve data [{'manager_id': 'nimal', 'manager_name': 'nimal'}, {'manager_id': 'kamal', 'manager_name': 'kamal'}]
2024-10-05 20:53:09,504 - INFO - Database tables create successfully
2024-10-05 20:53:12,615 - INFO - manageManagerFunction - retrieve_managers_details | retrieve data [{'manager_id': 'GKOm3ahM-y', 'manager_name': 'nimal'}, {'manager_id': 'osXerMzMXC', 'manager_name': 'kamal'}]
2024-10-05 21:16:54,052 - INFO - Database tables create successfully
2024-10-06 16:20:23,702 - INFO - Database tables create successfully
2024-10-06 16:29:14,121 - INFO - Database tables create successfully
2024-10-06 16:30:11,426 - INFO - Database tables create successfully
2024-10-06 16:31:43,680 - INFO - Database tables create successfully
2024-10-06 16:31:45,907 - INFO - manageBranchFunction - update_branch | branch updates ("{'branch_id': '6U6PmsUI', 'branch_name': 'mainbranch', 'address': {'line 1': '123 Main St', 'line2': 'Springfield'}, 'email': 'mainbranch@example.com', 'location': 'gampha', 'mobile': 1234567890, 'open_time': datetime.time(9, 0), 'close_time': datetime.time(17, 0), 'description': 'Main branch of the company', 'branch_manager_id': 'mgr12345'}", "['Hall A', 'Hall B']", "['https://example.com/image1.jpg', 'https://example.com/image2.jpg']")
2024-10-06 16:32:50,187 - INFO - manageBranchFunction - update_branch | branch updates ("{'branch_id': '6U6PmsUI', 'branch_name': 'mainbranch', 'address': {'line 1': '123 Main St', 'line2': 'Springfield'}, 'email': 'mainbranch@example.com', 'location': 'gampha', 'mobile': 1234567890, 'open_time': datetime.time(9, 0), 'close_time': datetime.time(17, 0, 30), 'description': 'Main branch of the company', 'branch_manager_id': 'mgr12345'}", "['Hall A', 'Hall V', 'Hall C']", "['https://example.com/image12.jpg', 'https://example.com/image22.jpg']")
2024-10-06 16:41:42,923 - INFO - Database tables create successfully
2024-10-06 16:45:50,298 - INFO - Database tables create successfully
2024-10-06 17:19:40,962 - INFO - Database tables create successfully
2024-10-06 17:19:49,318 - INFO - manageStudentFunction - get_student_data | successfully retrieve student data
2024-10-06 17:23:33,242 - INFO - manageStudentFunction - get_student_data | successfully retrieve student data
2024-10-06 17:24:36,278 - INFO - Database tables create successfully
2024-10-06 17:24:39,260 - INFO - manageStudentFunction - get_student_data | successfully retrieve student data
2024-10-06 17:25:40,411 - INFO - Database tables create successfully
2024-10-06 17:25:43,318 - INFO - manageStudentFunction - get_student_data | successfully retrieve student data
2024-10-06 17:25:43,325 - INFO - managementStudent - getStudentDetailsStudent | send data student_id OG8ylGU_Bn_PSic
2024-10-06 17:32:05,708 - INFO - Database tables create successfully
2024-10-06 17:32:09,400 - INFO - manageStudentFunction - get_student_data | successfully retrieve student data
2024-10-06 17:33:05,717 - INFO - Database tables create successfully
2024-10-06 17:33:07,958 - INFO - manageStudentFunction - get_student_data | successfully retrieve student data
2024-10-06 17:33:07,963 - INFO - managementStudent - getStudentDetailsStudent | send data student_id OG8ylGU_Bn_PSic
2024-10-06 17:36:25,630 - INFO - Database tables create successfully
2024-10-06 17:45:24,602 - INFO - Database tables create successfully
2024-10-06 17:50:00,074 - INFO - Database tables create successfully
2024-10-06 17:52:07,708 - INFO - manageBranchFunction - update_branch | branch updates ("{'branch_id': '6U6PmsUI', 'branch_name': 'mainbranch', 'address': {'line 1': '123 Main St', 'line2': 'Springfield'}, 'email': 'mainbranch@example.com', 'location': 'gampha', 'mobile': 1234567890, 'open_time': datetime.time(9, 0), 'close_time': datetime.time(17, 0, 30), 'description': 'Main branch of the company', 'branch_manager_id': 'mgr12345'}", "['Hall A', 'Hall V', 'Hall C']", "['https://example.com/image12.jpg', 'https://example.com/image22.jpg']")
2024-10-06 17:53:15,941 - INFO - Database tables create successfully
2024-10-06 17:55:07,577 - INFO - Database tables create successfully
2024-10-06 18:01:19,923 - INFO - Database tables create successfully
2024-10-06 18:06:03,874 - INFO - Database tables create successfully
2024-10-06 18:06:10,468 - INFO - manageBranchFunction - update_branch | branch updates ("{'branch_id': '6U6PmsUI', 'branch_name': 'mainbranch', 'address': {'line 1': '123 Main St', 'line2': 'Springfield'}, 'email': 'mainbranch@example.com', 'location': 'gampha', 'mobile': 1234567890, 'open_time': datetime.time(9, 0), 'close_time': datetime.time(17, 0, 30), 'description': 'Main branch of the company', 'branch_manager_id': 'mgr12345'}", "['Hall A', 'Hall V', 'Hall C']", "['https://example.com/image12.jpg', 'https://example.com/image22.jpg']")
2024-10-06 20:11:25,204 - INFO - manageManagerFunction - retrieve_managers_details | retrieve data [{'manager_id': 'GKOm3ahM-y', 'manager_name': 'nimal'}, {'manager_id': 'osXerMzMXC', 'manager_name': 'kamal'}]
2024-10-08 07:59:18,458 - INFO - Database tables create successfully
2024-10-08 07:59:23,701 - INFO - Database tables create successfully
2024-10-08 08:02:14,636 - INFO - Database tables create successfully
2024-10-08 08:02:32,880 - INFO - Database tables create successfully
2024-10-08 08:02:38,508 - INFO - manageManagerFunction - create_manager | create manager ('nimal', 'nimal@gmail.com')
2024-10-08 08:03:08,978 - INFO - manageManagerFunction - retrieve_managers_details | retrieve data [{'manager_id': 'RX_gINRzdY', 'manager_name': 'nimal'}]
2024-10-08 08:03:31,093 - INFO - manageBranchFunction - create_branch | create successfully ("{'branch_id': 'SofzrblP', 'branch_name': 'mainbranch', 'address': {'line 1': '123 Main St', 'line2': 'Springfield'}, 'email': 'mainbranch@example.com', 'location': 'gampha', 'mobile': 1234567890, 'open_time': datetime.time(9, 0), 'close_time': datetime.time(17, 0), 'description': 'Main branch of the company', 'branch_manager_id': 'RX_gINRzdY'}", "['Hall A', 'Hall B']", "['https://example.com/image1.jpg', 'https://example.com/image2.jpg']")
2024-10-08 08:09:14,695 - INFO - Database tables create successfully
2024-10-08 08:12:16,968 - INFO - Database tables create successfully
2024-10-08 08:15:23,221 - INFO - Database tables create successfully
2024-10-08 08:15:36,115 - INFO - Database tables create successfully
2024-10-08 08:17:04,072 - INFO - Database tables create successfully
2024-10-08 08:18:23,401 - INFO - Database tables create successfully
2024-10-08 08:19:06,662 - INFO - Database tables create successfully
2024-10-08 08:19:58,351 - INFO - Database tables create successfully
2024-10-08 08:20:06,197 - INFO - manageBranchFunction - retrieve_branches | return data [{'branch_id': 'SofzrblP', 'branch_name': 'mainbranch', 'manager_id': 'RX_gINRzdY', 'branch_manager': 'nimal', 'mobile': 1234567890, 'address': {'line 1': '123 Main St', 'line2': 'Springfield'}, 'open_time': datetime.time(9, 0)}]
2024-10-08 08:20:38,222 - INFO - Database tables create successfully
2024-10-08 08:20:40,329 - INFO - manageBranchFunction - retrieve_branches | return data [{'branch_id': 'SofzrblP', 'branch_name': 'mainbranch', 'manager_id': 'RX_gINRzdY', 'branch_manager': 'nimal', 'mobile': 1234567890, 'address': {'line 1': '123 Main St', 'line2': 'Springfield'}, 'open_time': datetime.time(9, 0)}]
2024-10-08 08:21:36,977 - INFO - Database tables create successfully
2024-10-08 08:21:39,685 - INFO - manageBranchFunction - retrieve_branches | return data [{'branch_id': 'SofzrblP', 'branch_name': 'mainbranch', 'manager_id': 'RX_gINRzdY', 'branch_manager': 'nimal', 'mobile': 1234567890, 'email': 'mainbranch@example.com', 'open_time': datetime.time(9, 0)}]
2024-10-12 13:47:30,188 - INFO - Database tables create successfully
2024-10-12 13:47:33,219 - INFO - manageManagerFunction - retrieve_managers_details | retrieve data [{'manager_id': 'RX_gINRzdY', 'manager_name': 'nimal'}]
2024-10-12 13:48:00,943 - INFO - manageManagerFunction - create_manager | create manager ('kamal', 'kamal@gmail.com')
2024-10-12 13:53:49,178 - INFO - manageBranchFunction - retrieve_branches | return data [{'branch_id': 'SofzrblP', 'branch_name': 'mainbranch', 'manager_id': 'RX_gINRzdY', 'branch_manager': 'nimal', 'mobile': 1234567890, 'email': 'mainbranch@example.com', 'open_time': datetime.time(9, 0)}]
2024-10-12 13:55:50,250 - INFO - manageStudentFunction - insert_get_educational_level | data retrieve successfully
2024-10-12 13:55:50,250 - INFO - manageStudent - get_education_level | send payload to user
2024-10-12 13:58:10,188 - INFO - adminFunction admin_verify_get_data | verify the password
2024-10-12 13:58:10,190 - INFO - adminFunction get_admin_data | return the payload
2024-10-12 13:58:10,190 - INFO - adminLogin - return the access token thush
2024-10-12 14:12:45,566 - INFO - Database tables create successfully
2024-10-12 14:18:35,092 - INFO - Database tables create successfully
2024-10-12 14:19:13,907 - INFO - Database tables create successfully
2024-10-12 14:20:12,725 - INFO - Database tables create successfully
2024-10-12 14:21:05,175 - INFO - Database tables create successfully
2024-10-12 14:21:26,856 - INFO - Database tables create successfully
2024-10-12 14:23:10,170 - INFO - manageTeacherFunction - create_new_teacher | teacher credentials {'teacher_id': UUID('6fafffa9-de12-493d-8004-283be677d00b'), 'teacher_firstname': 'ruwan', 'teacher_lastname': 'darshana', 'teacher_email': 'ruwan@gmail.com', 'teacher_mobile': 775651884, 'subject': 'combine maths', 'branch_id': 'SofzrblP', 'education_level_id': '3a90276a-cba1-43c5-a657-da8e64f164c0'}
2024-10-12 14:24:12,239 - INFO - Database tables create successfully
2024-10-12 14:31:43,331 - INFO - Database tables create successfully
2024-10-12 14:39:01,109 - INFO - Database tables create successfully
2024-10-12 14:46:36,505 - INFO - Database tables create successfully
2024-10-12 14:46:38,973 - INFO - manageTeacherFunction - updateTeacher | teacher credentials {'teacher_id': '6fafffa9-de12-493d-8004-283be677d00b', 'teacher_firstname': 'ruwan', 'teacher_lastname': 'darshana', 'teacher_email': 'ruwan@gmail.com', 'teacher_mobile': 775651884, 'subject': 'combine maths', 'branch_id': 'SofzrblP', 'education_level_id': '3a90276a-cba1-43c5-a657-da8e64f164c0', 'teacher_address': {'lane1': 'road1', 'lane2': 'gampaha'}, 'province': 'western', 'district': 'gampaha', 'home_town': 'gampaha', 'teacher_gender': True, 'teacher_NIC': '200236503381', 'teacher_school': 'bandaranayake colledge', 'teacher_description': 'combine maths is awsome'} urls ['https://example.com/sfdgsdf', 'https://example.com/argdzfgdf']
2024-10-12 14:47:48,510 - INFO - Database tables create successfully
2024-10-12 14:51:09,679 - INFO - Database tables create successfully
2024-10-12 14:52:37,662 - INFO - Database tables create successfully
2024-10-12 14:52:39,605 - INFO - manageTeacherFunction - updateTeacher | teacher credentials {'teacher_id': '6fafffa9-de12-493d-8004-283be677d00b', 'teacher_firstname': 'ruwan', 'teacher_lastname': 'darshana', 'teacher_email': 'ruwan@gmail.com', 'teacher_mobile': 775651884, 'subject': 'combine maths', 'branch_id': 'SofzrblP', 'education_level_id': '3a90276a-cba1-43c5-a657-da8e64f164c0', 'teacher_address': {'lane1': 'road1', 'lane2': 'gampaha'}, 'province': 'western', 'district': 'gampaha', 'home_town': 'gampaha', 'teacher_gender': True, 'teacher_NIC': '200236503381', 'teacher_school': 'bandaranayake colledge', 'teacher_description': 'combine maths is awsome'} urls ['https://example.com/sfdgsdf', 'https://example.com/argdzfgdf']
2024-10-12 15:36:52,496 - INFO - Database tables create successfully
2024-10-12 15:39:25,384 - INFO - Database tables create successfully
2024-10-12 15:42:41,674 - INFO - manageTeacherFunction - teacher_credentials | retrieve teacher credentials 6fafffa9-de12-493d-8004-283be677d00b
2024-10-12 15:43:57,465 - INFO - Database tables create successfully
2024-10-12 15:45:14,268 - INFO - Database tables create successfully
2024-10-12 15:46:09,088 - INFO - Database tables create successfully
2024-10-12 15:47:48,607 - INFO - Database tables create successfully
2024-10-12 15:47:50,807 - INFO - manageTeacherFunction - teacher_credentials | retrieve teacher credentials 6fafffa9-de12-493d-8004-283be677d00b
2024-10-12 15:48:40,897 - INFO - Database tables create successfully
2024-10-12 15:48:44,787 - INFO - manageTeacherFunction - teacher_credentials | retrieve teacher credentials 6fafffa9-de12-493d-8004-283be677d00b
2024-10-12 15:49:32,537 - INFO - manageTeacherFunction - teacher_credentials | retrieve teacher credentials 6fafffa9-de12-493d-8004-283be677d00b
2024-10-12 16:37:46,638 - INFO - manageTeacherFunction - teacher_credentials | retrieve teacher credentials 6fafffa9-de12-493d-8004-283be677d00b
2024-10-12 17:04:42,599 - INFO - Database tables create successfully
2024-10-12 17:07:51,745 - INFO - manageTeacherFunction - change_teacher_status | change to status 6fafffa9-de12-493d-8004-283be677d00b 
2024-10-12 17:11:56,298 - INFO - adminFunction admin_verify_get_data | verify the password
2024-10-12 17:11:56,299 - INFO - adminFunction get_admin_data | return the payload
2024-10-12 17:11:56,300 - INFO - adminLogin - return the access token thush
2024-10-12 17:12:40,543 - INFO - manageTeacherFunction - teacher_credentials | retrieve teacher credentials 6fafffa9-de12-493d-8004-283be677d00b
2024-10-12 17:18:00,442 - INFO - Database tables create successfully
2024-10-12 17:18:47,282 - INFO - Database tables create successfully
2024-10-12 17:21:30,991 - INFO - manageBranchFunction - retrieve_branches | return data [{'branch_id': 'SofzrblP', 'branch_name': 'mainbranch', 'manager_id': 'RX_gINRzdY', 'branch_manager': 'nimal', 'mobile': 1234567890, 'email': 'mainbranch@example.com', 'open_time': datetime.time(9, 0)}]
2024-10-20 20:15:50,536 - INFO - Database tables create successfully
2024-10-20 20:17:18,315 - INFO - Database tables create successfully
2024-10-20 20:19:45,851 - INFO - Database tables create successfully
2024-10-20 20:20:16,473 - INFO - Database tables create successfully
2024-10-20 20:21:31,592 - INFO - Database tables create successfully
2024-10-20 20:21:49,824 - INFO - Database tables create successfully
2024-10-20 20:23:40,210 - INFO - Database tables create successfully
2024-10-20 20:27:46,529 - INFO - Database tables create successfully
2024-10-20 20:28:52,059 - INFO - Database tables create successfully
2024-10-20 20:30:00,966 - INFO - Database tables create successfully
2024-10-20 20:35:05,074 - INFO - Database tables create successfully
2024-10-20 20:35:45,211 - INFO - Database tables create successfully
2024-10-20 20:37:25,286 - INFO - Database tables create successfully
2024-10-20 20:37:41,974 - INFO - Database tables create successfully
2024-10-20 20:39:30,981 - INFO - Database tables create successfully
2024-10-20 20:40:52,428 - INFO - Database tables create successfully
2024-10-20 20:44:04,561 - INFO - Database tables create successfully
2024-10-20 20:45:39,749 - INFO - Database tables create successfully
2024-10-20 20:46:45,962 - INFO - Database tables create successfully
2024-10-20 20:46:49,480 - INFO - manageOfficerFunction - add_officer | insert successfully  officer-data :{'officer_id': 'NoosM1ibPCSysBz', 'officer_firstname': 'ruwan', 'officer_lastname': 'darshana', 'password': 'Tf9o7OayXbtxNFM', 'officer_address': {'lane1': 'road1', 'lane2': 'gampaha'}, 'province': 'western', 'district': 'gampaha', 'home_town': 'gampaha', 'officer_email': 'thushanmadhusanka3@gmail.com', 'officer_gender': True, 'officer_mobile': 775651884, 'branch_id': 'SofzrblP', 'officer_NIC': '200236503381', 'officer_school': 'bandaranayake colledge', 'education_level_id': '3a90276a-cba1-43c5-a657-da8e64f164c0', 'officer_username': 'ruwan-pcq5u'} images: ['https://example.com/sfdgsdf', 'https://example.com/argdzfgdf']
2024-10-20 20:49:03,494 - INFO - |Mails - mail| -> email send to thushanmadhusanka3@gmail.com
2024-10-21 06:51:55,331 - INFO - Database tables create successfully
2024-10-21 06:53:06,613 - INFO - Database tables create successfully
2024-10-21 06:53:32,346 - INFO - Database tables create successfully
2024-10-21 06:54:02,634 - INFO - manageOfficerFunction - add_officer | insert successfully  officer-data :{'officer_id': 'NVfUbFpITQFPqgL', 'officer_firstname': 'ruwan', 'officer_lastname': 'darshana', 'password': 'd9541a2b4932b41dc96119866f933098ef4e0409', 'officer_address': {'lane1': 'road1', 'lane2': 'gampaha'}, 'province': 'western', 'district': 'gampaha', 'home_town': 'gampaha', 'officer_email': 'thushanmadhusanka3@gmail.com', 'officer_gender': True, 'officer_mobile': 775651884, 'branch_id': 'SofzrblP', 'officer_NIC': '200236503381', 'officer_school': 'bandaranayake colledge', 'education_level_id': '3a90276a-cba1-43c5-a657-da8e64f164c0', 'officer_username': 'ruwan-lr3gt'} images: ['https://example.com/sfdgsdf', 'https://example.com/argdzfgdf']
2024-10-21 06:56:16,492 - INFO - |Mails - mail| -> email send to thushanmadhusanka3@gmail.com
2024-10-21 06:56:17,772 - INFO - Database tables create successfully
2024-10-21 06:58:31,629 - INFO - Database tables create successfully
2024-10-21 07:00:23,914 - INFO - manageOfficerFunction - add_officer | insert successfully  officer-data :{'officer_id': 'Go-hlr-KyFL164c', 'officer_firstname': 'ruwan', 'officer_lastname': 'darshana', 'password': '433aa31f4d60e17d9026ec541d42fcaebd04553b', 'officer_address': {'lane1': 'road1', 'lane2': 'gampaha'}, 'province': 'western', 'district': 'gampaha', 'home_town': 'gampaha', 'officer_email': 'thushanmadhusanka3@gmail.com', 'officer_gender': True, 'officer_mobile': 775651884, 'branch_id': 'SofzrblP', 'officer_NIC': '200236503381', 'officer_school': 'bandaranayake colledge', 'education_level_id': '3a90276a-cba1-43c5-a657-da8e64f164c0', 'officer_username': 'ruwan-zrl3h'} images: ['https://example.com/sfdgsdf', 'https://example.com/argdzfgdf']
2024-10-21 07:02:37,036 - INFO - |Mails - mail| -> email send to thushanmadhusanka3@gmail.com
2024-10-21 07:03:01,919 - INFO - Database tables create successfully
2024-10-21 07:04:07,142 - INFO - Database tables create successfully
2024-10-21 07:04:26,871 - INFO - manageOfficerFunction - add_officer | insert successfully  officer-data :{'officer_id': 'MpWu0dgyKNrrrHA', 'officer_firstname': 'ruwan', 'officer_lastname': 'darshana', 'password': 'bac13dc4f9a5131d6429e26137c0352f9f7c2c75', 'officer_address': {'lane1': 'road1', 'lane2': 'gampaha'}, 'province': 'western', 'district': 'gampaha', 'home_town': 'gampaha', 'officer_email': 'thushanmadhusanka3@gmail.com', 'officer_gender': True, 'officer_mobile': 775651884, 'branch_id': 'SofzrblP', 'officer_NIC': '200236503381', 'officer_school': 'bandaranayake colledge', 'education_level_id': '3a90276a-cba1-43c5-a657-da8e64f164c0', 'officer_username': 'ruwan-mdmbi'} images: ['https://example.com/sfdgsdf', 'https://example.com/argdzfgdf']
2024-10-21 07:06:40,849 - INFO - |Mails - mail| -> email send to thushanmadhusanka3@gmail.com
2024-10-23 09:23:39,827 - INFO - Database tables create successfully
2024-10-23 09:26:49,626 - INFO - retrieve data officer details using officer_id: MpWu0dgyKNrrrHA
2024-10-23 09:34:02,110 - INFO - Database tables create successfully
2024-10-23 09:34:05,523 - INFO - retrieve data officer details using officer_id: MpWu0dgyKNrrrHA
2024-10-23 09:34:27,170 - INFO - Database tables create successfully
2024-10-23 09:34:30,305 - INFO - retrieve data officer details using officer_id: MpWu0dgyKNrrrHA
2024-10-23 09:36:30,079 - INFO - Database tables create successfully
2024-10-23 09:36:31,453 - INFO - retrieve data officer details using officer_id: MpWu0dgyKNrrrHA
2024-10-23 09:40:22,126 - INFO - Database tables create successfully
2024-10-23 09:41:59,644 - INFO - Database tables create successfully
2024-10-23 09:44:00,409 - INFO - Database tables create successfully
2024-10-23 09:44:18,152 - INFO - Database tables create successfully
2024-10-23 09:44:22,851 - INFO - retrieve data officer details using officer_id: MpWu0dgyKNrrrHA
2024-10-23 09:46:19,803 - INFO - Database tables create successfully
2024-10-23 09:46:25,178 - INFO - retrieve data officer details using officer_id: MpWu0dgyKNrrrHA
2024-10-23 09:49:47,431 - INFO - Database tables create successfully
2024-10-23 09:49:50,138 - INFO - retrieve data officer details using officer_id: MpWu0dgyKNrrrHA
2024-10-23 09:50:47,140 - INFO - Database tables create successfully
2024-10-23 09:50:50,023 - INFO - retrieve data officer details using officer_id: MpWu0dgyKNrrrHA
2024-10-23 09:51:18,535 - INFO - Database tables create successfully
2024-10-23 09:51:20,250 - INFO - retrieve data officer details using officer_id: MpWu0dgyKNrrrHA
2024-10-23 09:51:49,366 - INFO - Database tables create successfully
2024-10-23 09:51:56,847 - INFO - retrieve data officer details using officer_id: MpWu0dgyKNrrrHA
2024-10-23 09:52:19,219 - INFO - Database tables create successfully
2024-10-23 09:52:20,932 - INFO - retrieve data officer details using officer_id: MpWu0dgyKNrrrHA
2024-10-23 09:53:01,129 - INFO - Database tables create successfully
2024-10-23 09:53:11,627 - INFO - Database tables create successfully
2024-10-23 09:53:15,317 - INFO - retrieve data officer details using officer_id: MpWu0dgyKNrrrHA
2024-10-23 09:53:42,843 - INFO - Database tables create successfully
2024-10-23 09:54:13,725 - INFO - Database tables create successfully
2024-10-23 09:54:20,938 - INFO - retrieve data officer details using officer_id: MpWu0dgyKNrrrHA
2024-10-23 09:55:25,768 - INFO - Database tables create successfully
2024-10-23 09:56:31,319 - INFO - Database tables create successfully
2024-10-23 09:56:46,969 - INFO - Database tables create successfully
2024-10-23 09:56:49,436 - INFO - retrieve data officer details using officer_id: MpWu0dgyKNrrrHA
2024-10-23 10:00:04,972 - INFO - Database tables create successfully
2024-10-23 10:23:03,272 - INFO - Database tables create successfully
2024-10-23 13:12:30,655 - INFO - Database tables create successfully
2024-10-23 13:20:48,325 - INFO - Database tables create successfully
2024-10-23 16:07:32,691 - INFO - Database tables create successfully
2024-10-23 16:10:13,931 - INFO - officer detail update successfully data : {'officer_id': 'MpWu0dgyKNrrrHA', 'officer_firstname': 'kamal', 'officer_lastname': 'darshana', 'officer_address': {'lane1': 'road1', 'lane2': 'gampaha'}, 'province': 'western', 'district': 'gampaha', 'home_town': 'gampaha', 'officer_email': 'thushanmadhusanka3@gmail.com', 'officer_gender': True, 'officer_mobile': 775651894, 'branch_id': 'SofzrblP', 'officer_NIC': '200236503381', 'officer_school': 'bandaranayake colledge', 'education_level_id': '3a90276a-cba1-43c5-a657-da8e64f164c0'}
2024-10-23 18:35:02,114 - INFO - Database tables create successfully
2024-10-23 18:37:44,852 - INFO - change the officer status officer_id: MpWu0dgyKNrrrHA - current_status True to change False
2024-10-23 18:38:17,987 - INFO - change the officer status officer_id: MpWu0dgyKNrrrHA - current_status False to change True
2024-10-24 20:23:12,430 - INFO - Database tables create successfully
2024-10-24 20:25:46,751 - INFO - Database tables create successfully
2024-10-24 20:28:03,195 - INFO - Database tables create successfully
2024-10-24 20:28:52,405 - INFO - Database tables create successfully
2024-10-24 20:29:13,648 - INFO - Database tables create successfully
2024-10-24 20:30:34,036 - INFO - Database tables create successfully
2024-10-24 20:33:07,447 - INFO - Database tables create successfully
2024-10-24 20:33:32,393 - INFO - Database tables create successfully
2024-10-24 20:33:59,430 - INFO - Database tables create successfully
2024-10-24 20:36:29,802 - INFO - Database tables create successfully
2024-10-24 20:36:32,906 - INFO - retrieve the officers information : branch_id None
2024-10-24 20:37:04,746 - INFO - Database tables create successfully
2024-10-24 20:37:06,750 - INFO - retrieve the officers information : branch_id None
2024-10-24 20:37:26,665 - INFO - Database tables create successfully
2024-10-24 20:37:49,224 - INFO - Database tables create successfully
2024-10-24 20:38:09,550 - INFO - Database tables create successfully
2024-10-24 20:38:14,288 - INFO - retrieve the officers information : branch_id None
2024-10-24 20:41:35,257 - INFO - officer search data retrieve successfully
2024-10-24 20:42:53,795 - INFO - officer search data retrieve successfully
2024-10-24 20:43:23,254 - INFO - officer search data retrieve successfully
2024-10-24 20:44:37,219 - INFO - Database tables create successfully
2024-10-24 20:46:05,188 - INFO - delete officers - officer_id : ['MpWu0dgyKNrrrHA']
2024-10-25 20:34:01,900 - INFO - Database tables create successfully
2024-10-25 20:35:42,249 - INFO - manageStudentFunction - get_student_data | successfully retrieve student data
2024-10-25 20:35:42,275 - INFO - managementStudent - getStudentDetailsStudent | send data student_id OG8ylGU_Bn_PSic
2024-10-25 20:43:15,856 - INFO - Database tables create successfully
2024-10-25 20:44:30,258 - INFO - Database tables create successfully
2024-10-25 20:44:59,561 - INFO - Database tables create successfully
2024-10-25 20:45:42,946 - INFO - Database tables create successfully
2024-10-25 20:46:52,314 - INFO - add a new education level 02d7c5e0-c504-48de-bc1f-7184eacd65b9 grade 1
2024-10-25 20:48:11,640 - INFO - officer search data retrieve successfully
2024-10-25 20:48:45,773 - INFO - manageOfficerFunction - add_officer | insert successfully  officer-data :{'officer_id': 'NgB4QtHQrErgoYT', 'officer_firstname': 'ruwan', 'officer_lastname': 'darshana', 'password': '5efb22dcc36cb11a1bfd0148ee1615cb49e00a26', 'officer_address': {'lane1': 'road1', 'lane2': 'gampaha'}, 'province': 'western', 'district': 'gampaha', 'home_town': 'gampaha', 'officer_email': 'thushanmadhusanka3@gmail.com', 'officer_gender': True, 'officer_mobile': 775651884, 'branch_id': 'SofzrblP', 'officer_NIC': '200236503381', 'officer_school': 'bandaranayake colledge', 'education_level_id': '3a90276a-cba1-43c5-a657-da8e64f164c0', 'officer_username': 'ruwan-437ju'} images: ['https://example.com/sfdgsdf', 'https://example.com/argdzfgdf']
2024-10-25 20:50:59,222 - INFO - |Mails - mail| -> email send to thushanmadhusanka3@gmail.com
2024-10-25 20:50:59,245 - INFO - add a new education level d0d36ac0-bfea-41b0-986f-23ec9e8f1bcf grade 1
2024-10-25 20:51:00,391 - INFO - Database tables create successfully
2024-10-25 20:51:09,008 - INFO - add a new education level 94128ecb-5544-4567-8036-babf3e93f3db grade 1
2024-10-25 20:52:46,223 - INFO - Database tables create successfully
2024-10-25 20:52:48,829 - INFO - add a new education level 7cc26716-4e3a-46ab-b40d-5de6cafadb9c grade 1
2024-10-25 20:53:52,631 - INFO - retrieve the education level : [{'education_level_id': '02d7c5e0-c504-48de-bc1f-7184eacd65b9', 'education_level_name': 'grade 1'}, {'education_level_id': '7cc26716-4e3a-46ab-b40d-5de6cafadb9c', 'education_level_name': 'grade 1'}, {'education_level_id': '94128ecb-5544-4567-8036-babf3e93f3db', 'education_level_name': 'grade 1'}, {'education_level_id': 'd0d36ac0-bfea-41b0-986f-23ec9e8f1bcf', 'education_level_name': 'grade 1'}, {'education_level_id': '3a90276a-cba1-43c5-a657-da8e64f164c0', 'education_level_name': 'grade 10'}, {'education_level_id': 'd6235d5a-ffe2-4299-8e53-1e5abebf2ee9', 'education_level_name': 'grade 11'}]
2024-10-25 20:55:05,457 - INFO - Database tables create successfully
2024-10-25 20:58:04,647 - INFO - Database tables create successfully
2024-10-25 21:01:19,939 - INFO - Database tables create successfully
2024-10-25 21:02:14,154 - INFO - Database tables create successfully
2024-10-25 21:05:43,705 - INFO - manageBranchFunction - retrieve_branches | return data [{'branch_id': 'SofzrblP', 'branch_name': 'mainbranch', 'manager_id': 'RX_gINRzdY', 'branch_manager': 'nimal', 'mobile': 1234567890, 'email': 'mainbranch@example.com', 'open_time': datetime.time(9, 0)}]
2024-10-25 21:06:02,850 - INFO - manageStudentFunction - insert_student_all_data | data insert successfully
2024-10-26 06:24:46,730 - INFO - Database tables create successfully
2024-10-26 06:24:55,948 - INFO - Database tables create successfully
2024-10-26 06:28:15,766 - INFO - Database tables create successfully
2024-10-26 06:30:27,883 - INFO - Database tables create successfully
2024-10-26 06:31:07,733 - INFO - Database tables create successfully
2024-10-26 06:33:47,567 - INFO - Database tables create successfully
2024-10-26 07:02:43,133 - INFO - Database tables create successfully
2024-10-26 07:04:14,787 - INFO - Database tables create successfully
2024-10-26 07:05:59,149 - INFO - Database tables create successfully
2024-10-26 07:06:26,435 - INFO - Database tables create successfully
2024-10-26 07:06:54,778 - INFO - Database tables create successfully
2024-10-26 07:08:39,530 - INFO - Database tables create successfully
2024-10-26 07:09:37,984 - INFO - Database tables create successfully
2024-10-26 07:10:15,635 - INFO - Database tables create successfully
2024-10-26 07:10:20,156 - INFO - manageStudentFunction - insert_student_all_data | data insert successfully
2024-10-26 07:12:34,391 - INFO - |Mails - mail| -> email send to thushanmadhusanka3@gmail.com
2024-10-26 07:13:38,226 - INFO - manageStudentFunction - get_student_data | successfully retrieve student data
2024-10-26 07:14:50,783 - INFO - manageStudentFunction - get_student_data | successfully retrieve student data
2024-10-26 07:16:59,461 - INFO - Database tables create successfully
2024-10-26 07:17:02,959 - INFO - manageStudentFunction - get_student_data | successfully retrieve student data
2024-10-26 07:17:02,964 - INFO - managementStudent - getStudentDetailsStudent | send data student_id 235424822752505
2024-10-26 07:23:28,850 - INFO - Database tables create successfully
2024-10-26 07:24:42,665 - INFO - manageTeacherFunction - create_new_teacher | teacher credentials {'teacher_firstname': 'ruwan', 'teacher_lastname': 'darshana', 'teacher_email': 'ruwan@gmail.com', 'teacher_mobile': 775651884, 'subject': 'combine maths', 'branch_id': 'SofzrblP', 'education_level_id': 'd6235d5a-ffe2-4299-8e53-1e5abebf2ee9', 'teacher_id': '7cbed3c2-cb9d-425a-bfe3-3284fdcc3df6', 'teacher_username': 'ruwan-u2qxb', 'teacher_password': '1e344354aec431505a9c28cf5e8e4d2be9aff084'}
2024-10-26 07:26:56,464 - INFO - |Mails - mail| -> email send to ruwan@gmail.com
2024-10-26 07:29:55,591 - INFO - manageTeacherFunction - updateTeacher | teacher credentials {'teacher_id': '7cbed3c2-cb9d-425a-bfe3-3284fdcc3df6', 'teacher_firstname': 'ruwan', 'teacher_lastname': 'darshana', 'teacher_email': 'ruwan@gmail.com', 'teacher_mobile': 775651884, 'subject': 'combine maths', 'branch_id': 'SofzrblP', 'education_level_id': '3a90276a-cba1-43c5-a657-da8e64f164c0', 'teacher_address': {'lane1': 'road1', 'lane2': 'gampaha'}, 'province': 'western', 'district': 'gampaha', 'home_town': 'gampaha', 'teacher_gender': True, 'teacher_NIC': '200236503381', 'teacher_school': 'bandaranayake colledge', 'teacher_description': 'combine maths is awsome'} urls ['https://example.com/sfdgsdf', 'https://example.com/argdzfgdf']
2024-10-26 07:31:31,130 - INFO - manageTeacherFunction - teacher_credentials | retrieve teacher credentials 7cbed3c2-cb9d-425a-bfe3-3284fdcc3df6
2024-10-26 07:32:07,185 - INFO - manageTeacherFunction - change_teacher_status | change to status 7cbed3c2-cb9d-425a-bfe3-3284fdcc3df6 
